<?xml version="1.0" encoding="UTF-8"?>
<!-- Generated by org.testng.reporters.JUnitReportReporter -->
<testsuite skipped="0" hostname="DESKTOP-LUCM8QV" name="testscript.TestCase1" tests="2" failures="0" timestamp="30 Sep 2018 11:22:55 GMT" time="0.085" errors="0">
  <testcase name="titleVerify" time="0.020" classname="testscript.TestCase1"/>
  <testcase name="titleVerify" time="0.065" classname="testscript.TestCase1"/>
</testsuite> <!-- testscript.TestCase1 -->
